[   0.0000] niializingcgrupsusys put
[  000000] Initiizing cgroup subsys cpu
[    0.000000] Initializing cgroup ubys cuat
[  .00000] Linux verio4..0-116-gneicbuild@w0-amd6021 (cc vrsion 4.0 01609 (Ubuntu 5.4.0-6ubuntu1~16.04.9) ) #140-Ubuntu SMP Mon Feb 12 21:23:04 UTC 2018 (Ubuntu 4.4.0-11.1-gneri 44.)
[  00000] mmnd le:OOT_MAGE=/boot/vmlin-44.0-16enric rot=LABEL=cloudimg-rootfs ro console=tty1 console=ttyS0
[   000000]KEELsupported cpus:
[    0.000000]   Intl nuneInel
[   .000]  AMDAuenicMD[   0.000]   Ctar ntauHauls
[    0.00000] 6/fpu:xsteoffst[: 576,xstesize[2  56
  0.0000] 6/pu: Supportig AV feaur0x1: '87loating point registers'
[    0.000000] x86/fpu: SupportinXSVE fate x0: SEregistrs
[    0.000000] x86/fpu: Supporting XSAVE eare 004'AVX register'[   0.00000 x86/fpu: Enabled xstate features 0x7, context size is 832 bytes, using 'standard' format.
[    0.00000 x86/fpu: Using 'az' PU cntxtswtces
[    0000000] e82 BIOprvided physical RAM map:
[    0.000000] BIOS-e820:[mm 00000000000-000000009fbf] sale
    0.000000] BIOS-e820: [mem 0x000000000009fc0-0x000000000009ffff] reservd
[    0.000000] BIOS-e820: [mem 0x0000000000f0000-0x00000000fff reseve
    .000] BIS-20 [mm 000000000100000-0x000000007ffeffff] usable
[    0.000000] BIOS-e820: [mem 0x000000007fff0000-0x0000007fffff AI daa    .000] IOe80: [me 0000000fec00000-0x00000000fec00fff] reserved
[    0.000000] BIOS-e820: [mem 0x00000000fee00000-0x00000000fee00fff] reserved
[    0.000000] BIOS-e820: [mem 0x00000000fffc0000-0x00000ffffff rserv
   0.000 NX (Eecteisabe)prtection: active
  0.00000] SMBIOS 2.5 preen.
[   00000]ypviso dteed: VM[    0.000] e0:ast_pfn = 0x7fff0 max_arch_pfn = 0x400000000[   0.000]MTRR Dsale
[   00000] x86/PAT: MTRRs disabled, skipping PAT initialization too.
[    0.000000] CPU MTRRs all blank  virtualized system.
[    0.000000] x86/PAT: Configuration [0-7]: WB  WT  UC- UC  WB  WT  UC- UC  
[    0000000] found SMP MP-table at [mem 0x0009fff0-0x0009ffff] mapped at [ffff88000009fff0]
[    00000] anning 1 areas forlow memory corruption[    0.0000] RMDISK: [mm 0x36a2000-0x37558ff]
[   0000000] ACP: Ealytale checksum verificationdisbled
[   0.000000] ACPI: RSDP 0x0000000000E0000 000024 v02 VOX  )
[   000000] CP: SDT 0x000000007FF0030 000C (v01 VBOX   VBXXSD 0000001 AS  000061
   0.00000ACI: FAP 00000007FFF00F0 0000F4 (v04 VBOX   VBOAC 000001SL  00000061)
[    0.000000] ACPI: DSDT 0x000007FF04 001F (v02 BOX VBOBIOS 000002IN 20100528)
[   0.000]ACPI FS 0x0000007FF000 000040
[    0.000000] ACPI: FACS 0x000000007FF20 000040
[    00000 ACPI: APIC 0x000000007FFF0240 00005C (v02 VBO  VBOXPIC 00001 SL 000061)
[   .00000 AI: SST 0000000FF2A0 001C(v1 VBX VBOXCPU 00000 IL 010028
[    0.000000] No NUMA onguation found
[   00000]akng aode at [mem 0x0000000000000000-0x000000007ffeffff]
[    0.000000] NODE_DATA(0) allocated [mem0xffeb00x7ffeffff]
[   0.00000] kvm-clock: Using msrs4b6401and 4b54d
    0.000000] kvm-clock: cpu 0, msr 0:7ffe300, imry cpu clok[   0.00] kvm-coc: ing chd offset o 310924748 cycles
[    0.000000] clocksource: kvm-clock: mask: 0xffffffffffffffff max_cycles: 0x1cd42e4dffb, max_idle_ns: 881590591483 ns
[    0.000000] Zone ranges:
[    0.0000   DM    mem 00000000000-0x0000000000ffffff]
[    0.000000]   DMA32    [mem 0x0000000001000000-x000007feff]
[   0.000]   Normal   empty
[    0.0000   Dece  emy
[  .00000 Mable zoe start for each node
[    0.000000] Early memory node ranges
[   0.00000]   node   0: [emx00000001000-0x00000009efff]
[  .00000] node   0: [mem 0x0000000000100000-0x000000007ffeffff]
[    0.000]Initm stup od0 mem x000000000100-0000000ffff]
[   000000 AI: PM-TimerIOor: 0x4008
[    0..000000] IOAPIC[0]: apic_id 2, verson2,address 0xfec00000, GSI 0-23
[    0.000000] ACPI: INT_SRC_OVR (bus0 s_ir 0loal_irq  dl dfl)
[   0.00000 ACPI: INT_SRC_OVR (bus 0 bus_irq 9 global_irq 9 low level)
[    0.000000] Using ACI MAT) for SMP configuratio infomation
[    0.0000] mpboot: Allowing 2 CPs,0 hotplug CPUs
[    0.000000] PM: Registered noave memory: [mem 0x00000000-0x00000fff]
[   .000000] PM: Restred ose emory: me0x009f00x0009ffff
[   0.00000]PM Registred ose emry[mm 0x000a000-0x000effff][   0.0000 PM:egistrenoave mmo: [mm x00f000-0x00ffff
[   00000] 82 [em 000000-febfffff] available for PCI devices
[    0.000000] Booting paravirtualized kernel on KVM
[    0.000000] clocksource: refined-jiffies: mask: 0xffffffff max_cycles: 0xffffffff, max_idle_ns: 7645519600211568 ns
[    0.000000] setup_percpu: NR_CPUS:512 nr_cpumask_bits:512 nr_cpu_ids:2 nr_node_ids1
[    0.000000] PERCPU: Embedded 34 pages/cpu @ffff88007fc00000 s99544 r8192 d3128u10457
[   0.000000]PVspnloc hh ableenies:56order:0,09 bytes
   0.00000]uit 1 zneists n Node rd, obiltyroping on. Tol ages 596
[  00000] liy zone: DMA32
[   00000]erel cma line: BOOT_IMAGE=/boot/vliuz-4.4.0-116-generic root=LABEL=cloudimg-rootfs ro console=tty1 console=ttyS
   0.0000] PID hash table entries: 096 orr: 3328 byes
[    00000] Memry 233880/2096696K available (8530K kernel code, 1309K rwdata, 3992K rodata, 1508K init, 1316K bss, 62816K reserved, 0K cma-reserved)
[    0.000000] SLUB: HWalign=64, Order=0-3, MinObjects=0, CPUs=2, Nodes=1
[    .000000] Kernel/User page tables isolation: enabled
[    0.000000] Hierarchical RCU implementation.
[    0.000000] 	Build-time adjustment of leaf fanout to 64.
[    0.000000] 	RCU restricting CPUs from NR_CPUS=512 to nr_cpu_ids=2.
[    0.000000] RCU: Adjusting geometry for rcu_fanout_leaf=64, nr_cpu_ids=2
[    0.000000] NR_IRQS:33024 nr_irqs:440 16
[   0.00000]onole:olur VA+ 80x25
[   .0000 cnsol [tt1]enabed
[   .000000] console ttS0 enale
[   0.000000] tsc: Detected 2394.462 MHz processor
[   13.299845] Calibrating delay loop (skipped) preset value.. 4788.92 BogoMIPS (lpj=9577848)
[   13.392624] pid_max: default: 32768 minimum: 301
[   13.394665] ACPI: Core revision 20150930
[   13.397735] ACPI: 2 ACPI AML tables successfully acquired and loaded
[   13.404288] Security Framework initialized
[   13.415450] Yama: becoming mindful.
[   13.420137] AppArmor: AppArmor initialized
[   13.443180] Dentry cache hash table entries: 262144 (order: 9, 2097152 bytes)
[   13.507449] Inode-cache hash table entries: 131072 (order: 8, 1048576 bytes)
[   13.556275] Mount-cache hash table entries: 4096 (order: 3, 32768 bytes)
[   13.579362] Mountpoint-cache hash table entries: 4096 (order: 3, 32768 bytes)
[   13.627765] Initializing cgroup subsys io
[   13.631910] Initializing cgroup subsys memory
[   13.636769] Initializing cgroup subsys devices
[   13.679367] Initializing cgroup subsys freezer
[   13.727527] Initializing cgroup subsys net_cls
[   13.729169] Initializing cgroup subsys perf_event
[   13.731386] Initializing cgroup subsys net_prio
[   13.733093] Initializing cgroup subsys hugetlb
[   13.735562] Initializing cgroup subsys pids
[   13.737219] CPU: Physical Processor ID: 0
[   13.739831] CPU: Processor Core ID: 0
[   13.746973] FEATURE SPEC_CTRL Not Present
[   13.749080] mce: CPU supports 0 MCE banks
[   13.752978] Last level iTLB entries: 4KB 1024, 2MB 1024, 4MB 1024
[   13.755094] Last level dTLB entries: 4KB 1024, 2MB 1024, 4MB 1024, 1GB 4
[   13.757291] Spectre V2 mitigation: Mitigation: Full generic retpoline
[   13.760263] Spectre V2 mitigation: Speculation control IBPB not-supported IBRS not-supported
[   13.790482] Freeing SMP alternatives memory: 32K
[   13.853247] ftrace: allocating 32186 entries in 126 pages
[   13.943994] smpboot: APIC(0) Converting physical 0 to logical package 0
[   13.996869] smpboot: Max logical packages: 1
[   14.027500] x2apic enabled
[   14.035709] Switched APIC routing to physical x2apic.
[   14.041392] ..TIMER: vector=0x30 apic1=0 pin1=2 apic2=-1 pin2=-1
[   14.178596] smpboot: CPU0: Intel(R) Core(TM) i7-4500U CPU @ 1.80GHz (family: 0x6, model: 0x45, stepping: 0x1)
[   14.284940] Performance Events: unsupported p6 CPU model 69 no PMU driver, software events only.
[   14.346525] KVM setup paravirtual spinlock
[   14.391997] x86: Booting SMP configuration:
[   14.429313] .... node  #0, CPUs:      #1
[   14.482537] kvm-clock: cpu 1, msr 0:7ffe3041, secondary cpu clock
[   14.508709] mce: CPU supports 0 MCE banks
[   14.511645] x86: Booted up 1 node, 2 CPUs
[   14.516326] smpboot: Total of 2 processors activated (9577.84 BogoMIPS)
[   14.546369] devtmpfs: initialized
[   14.598719] evm: security.selinux
[   14.628008] evm: security.SMACK64
[   14.643226] evm: security.SMACK64EXEC
[   14.679081] evm: security.SMACK64TRANSMUTE
[   14.745287] evm: security.SMACK64MMAP
[   14.794962] evm: security.ima
[   14.808294] evm: security.capability
[   14.829076] clocksource: jiffies: mask: 0xffffffff max_cycles: 0xffffffff, max_idle_ns: 7645041785100000 ns
[   14.959814] futex hash table entries: 512 (order: 3, 32768 bytes)
[   14.996307] pinctrl core: initialized pinctrl subsystem
[   15.023999] RTC time:  0:15:16, date: 04/02/18
[   15.047875] NET: Registered protocol family 16
[   15.107244] cpuidle: using governor ladder
[   15.135245] cpuidle: using governor menu
[   15.147453] PCCT header not found.
[   15.171365] ACPI: bus type PCI registered
[   15.193400] acpiphp: ACPI Hot Plug PCI Controller Driver version: 0.5
[   15.212238] PCI: Using configuration type 1 for base access
[   15.304650] ACPI: Added _OSI(Module Device)
[   15.371327] ACPI: Added _OSI(Processor Device)
[   15.390055] ACPI: Added _OSI(3.0 _SCP Extensions)
[   15.430516] ACPI: Added _OSI(Processor Aggregator Device)
[   15.432530] ACPI: Executed 1 blocks of module-level executable AML code
[   15.522209] ACPI: Interpreter enabled
[   15.523937] ACPI: (supports S0 S5)
[   15.552122] ACPI: Using IOAPIC for interrupt routing
[   15.564794] PCI: Using host bridge windows from ACPI; if necessary, use "pci=nocrs" and report a bug
[   15.626106] ACPI: PCI Root Bridge [PCI0] (domain 0000 [bus 00-ff])
[   15.640692] acpi PNP0A03:00: _OSC: OS supports [ASPM ClockPM Segments MSI]
[   15.716766] acpi PNP0A03:00: _OSC: not requesting OS control; OS requires [ExtendedConfig ASPM ClockPM MSI]
[   15.775723] acpi PNP0A03:00: fail to add MMCONFIG information, can't access extended PCI configuration space under this bridge.
[   15.831385] PCI host bridge to bus 0000:00
[   15.883677] pci_bus 0000:00: root bus resource [io  0x0000-0x0cf7 window]
[   15.888752] pci_bus 0000:00: root bus resource [io  0x0d00-0xffff window]
[   15.959308] pci_bus 0000:00: root bus resource [mem 0x000a0000-0x000bffff window]
[   15.974413] pci_bus 0000:00: root bus resource [mem 0x80000000-0xfdffffff window]
[   16.057382] pci_bus 0000:00: root bus resource [bus 00-ff]
[   16.113866] pci 0000:00:01.1: legacy IDE quirk: reg 0x10: [io  0x01f0-0x01f7]
[   16.136629] pci 0000:00:01.1: legacy IDE quirk: reg 0x14: [io  0x03f6]
[   16.177131] pci 0000:00:01.1: legacy IDE quirk: reg 0x18: [io  0x0170-0x0177]
[   16.290371] pci 0000:00:01.1: legacy IDE quirk: reg 0x1c: [io  0x0376]
[   16.389899] pci 0000:00:07.0: quirk: [io  0x4000-0x403f] claimed by PIIX4 ACPI
[   16.479795] pci 0000:00:07.0: quirk: [io  0x4100-0x410f] claimed by PIIX4 SMB
[   16.510609] ACPI: PCI Interrupt Link [LNKA] (IRQs 5 9 10 *11)
[   16.551451] ACPI: PCI Interrupt Link [LNKB] (IRQs 5 9 *10 11)
[   16.580451] ACPI: PCI Interrupt Link [LNKC] (IRQs 5 *9 10 11)
[   16.612860] ACPI: PCI Interrupt Link [LNKD] (IRQs 5 9 10 *11)
[   16.633548] ACPI: Enabled 2 GPEs in block 00 to 07
[   16.643978] vgaarb: setting as boot device: PCI:0000:00:02.0
[   16.652489] vgaarb: device added: PCI:0000:00:02.0,decodes=io+mem,owns=io+mem,locks=none
[   16.680116] vgaarb: loaded
[   16.712312] vgaarb: bridge control possible 0000:00:02.0
[   16.728449] SCSI subsystem initialized
[   16.729324] ACPI: bus type USB registered
[   16.731218] usbcore: registered new interface driver usbfs
[   16.732242] usbcore: registered new interface driver hub
[   16.733278] usbcore: registered new device driver usb
[   16.734458] PCI: Using ACPI for IRQ routing
[   16.735704] NetLabel: Initializing
[   16.736432] NetLabel:  domain hash size = 128
[   16.737289] NetLabel:  protocols = UNLABELED CIPSOv4
[   16.738249] NetLabel:  unlabeled traffic allowed by default
[   16.810825] amd_nb: Cannot enumerate AMD northbridges
[   16.821390] clocksource: Switched to clocksource kvm-clock
[   .925 ApAorAprm FesteEnbl
  7.64] p:PnP ACPI nit[ 17066]npPnAC: un3 vis
[   18.382256] clocksource: acpi_pm: mask: 0xffffff max_cycles: 0xffffff, max_idle_ns: 2085701024 ns
[   18.404368] NET: Registered protocol family 2
[   18.409749] TCP established hash table entries: 16384 (order: 5, 131072 bytes)
[   18.433467] TCP bind hash table entries: 16384 (order: 6, 262144 bytes)
[   18.463516] TCP: Hash tables configured (established 16384 bind 16384)
[   18.466440] UDP hash table entries: 1024 (order: 3, 32768 bytes)
[   18.467746] UDP-Lite hash table entries: 1024 (order: 3, 32768 bytes)
[   18.469190] NET: Registered protocol family 1
[   18.487640] pci 0000:00:00.0: Limiting direct PCI/PCI transfers
[   18.495141] pci 0000:00:01.0: Activating ISA DMA hang workarounds
[   18.515130] Unpacking initramfs...
[   20.609869] Freeing initrd memory: 10844K
[   20.645501] RAPL PMU detected, API unit is 2^-32 Joules, 4 fixed counters 10737418240 ms ovfl timer
[   20.711938] hw unit of domain pp0-core 2^-0 Joules
[   20.763445] hw unit of domain package 2^-0 Joules
[   20.826238] hw unit of domain dram 2^-0 Joules
[   20.894319] hw unit of domain pp1-gpu 2^-0 Joules
[   20.914612] platform rtc_cmos: registered platform RTC device (no PNP device found)
[   20.947089] Scanning for low memory corruption every 60 seconds
[   20.974970] audit: initializing netlink subsys (disabled)
[   20.983554] audit: type=2000 audit(1522628110.403:1): initialized
[   20.998851] Initialise system trusted keyring
[   21.024058] HugeTLB registered 2 MB page size, pre-allocated 0 pages
[   21.074836] zbud: loaded
[   21.082494] VFS: Disk quotas dquot_6.6.0
[   21.112238] VFS: Dquot-cache hash table entries: 512 (order 0, 4096 bytes)
[   21.127539] squashfs: version 4.0 (2009/01/31) Phillip Lougher
[   21.135562] fuse init (API version 7.23)
[  2.138284] Key type big_key registered
[ 21264]llatg A K and blacklist keyin.
[   21.723281] Key type asymmetric registered
[   21.724791] Asymmetric key parser 'x509' registered
[   21.727716] Block layer SCSI generic (bsg) driver version 0.4 loaded (major 249)
[   21.735335] io scheduler noop registered
[   21.736982] io scheduler deadline registered (default)
[   21.739575] io scheduler cfq registered
[   21.742123] pci_hotplug: PCI Hot Plug PCI Core version: 0.5
[   21.743836] pciehp: PCI Express Hot Plug Controller Driver version: 0.4
[   21.747621] ACPI: AC Adapter [AC] (off-line)
[   21.767850] input: Power Button as /devices/LNXSYSTM:00/LNXPWRBN:00/input/input0
[   21.770978] ACPI: Power Button [PWRF]
[   21.773776] input: Sleep Button as /devices/LNXSYSTM:00/LNXSLPBN:00/input/input1
[   21.787095] ACPI: Sleep Button [SLPF]
[   21.789359] ACPI: Battery Slot [BAT0] (battery present)
[   21.793653] GHES: HEST is not enabled!
[   21.793807] Serial: 8250/16550 driver, 32 ports, IRQ sharing enabled
[   21.818077] 00:02: ttyS0 at I/O 0x3f8 (irq = 4, base_baud = 115200) is a 16550A
[   21.821976] Linux agpgart interface v0.103
[   21.863761] loop: module loaded
[   21.864495] scsi host0: ata_piix
[   21.864561] scsi host1: ata_piix
[   21.864593] ata1: PATA max UDMA/33 cmd 0x1f0 ctl 0x3f6 bmdma 0xd000 irq 14
[   21.864594] ata2: PATA max UDMA/33 cmd 0x170 ctl 0x376 bmdma 0xd008 irq 15
[   21.864669] libphy: Fixed MDIO Bus: probed
[   21.864671] tun: Universal TUN/TAP device driver, 1.6
[   21.864672] tun: (C) 1999-2004 Max Krasnyansky <maxk@qualcomm.com>
[   21.864711] PPP generic driver version 2.4.2
[   21.864760] ehci_hcd: USB 2.0 'Enhanced' Host Controller (EHCI) Driver
[   21.864763] ehci-pci: EHCI PCI platform driver
[   21.864771] ehci-platform: EHCI generic platform driver
[   21.864779] ohci_hcd: USB 1.1 'Open' Host Controller (OHCI) Driver
[   21.864782] ohci-pci: OHCI PCI platform driver
[   21.864789] ohci-platform: OHCI generic platform driver
[   21.864796] uhci_hcd: USB Universal Host Controller Interface driver
[   21.864848] i8042: PNP: PS/2 Controller [PNP0303:PS2K,PNP0f03:PS2M] at 0x60,0x64 irq 1,12
[   21.897290] serio: i8042 KBD port at 0x60,0x64 irq 1
[   21.897299] serio: i8042 AUX port at 0x60,0x64 irq 12
[   21.897545] mousedev: PS/2 mouse device common for all mice
[   21.897990] rtc_cmos rtc_cmos: rtc core: registered rtc_cmos as rtc0
[   21.898070] rtc_cmos rtc_cmos: alarms up to one day, 114 bytes nvram
[   21.898084] i2c /dev entries driver
[   21.898157] device-mapper: uevent: version 1.0.3
[   21.898235] device-mapper: ioctl: 4.34.0-ioctl (2015-10-28) initialised: dm-devel@redhat.com
[   21.898271] ledtrig-cpu: registered to indicate activity on CPUs
[   21.898665] NET: Registered protocol family 10
[   21.898837] NET: Registered protocol family 17
[   21.898850] Key type dns_resolver registered
[   21.927613] microcode: CPU0 sig=0x40651, pf=0x40, revision=0x0
[   21.927706] microcode: CPU1 sig=0x40651, pf=0x40, revision=0x0
[   21.927776] microcode: Microcode Update Driver: v2.01 <tigran@aivazian.fsnet.co.uk>, Peter Oruba
[   21.927903] registered taskstats version 1
[   21.927917] Loading compiled-in X.509 certificates
[   21.928908] Loaded X.509 cert 'Build time autogenerated kernel key: aa84f01984fbd529c105810b59e379d349698248'
[   21.928942] zswap: loaded using pool lzo/zbud
[   21.931085] Key type trusted registered
[   21.934781] Key type encrypted registered
[   21.934786] AppArmor: AppArmor sha1 policy hashing enabled
[   21.934790] ima: No TPM chip found, activating TPM-bypass!
[   21.934815] evm: HMAC attrs: 0x1
[   21.935137]   Magic number: 14:850:252
[   21.935706] rtc_cmos rtc_cmos: setting system clock to 2018-04-02 00:15:23 UTC (1522628123)
[   21.935921] BIOS EDD facility v0.16 2004-Jun-25, 0 devices found
[   21.935922] EDD information not available.
[   21.988410] input: AT Translated Set 2 keyboard as /devices/platform/i8042/serio0/input/input2
[   23.319260] tsc: Refined TSC clocksource calibration: 2395.043 MHz
[   23.319262] clocksource: tsc: mask: 0xffffffffffffffff max_cycles: 0x2285ecaeff8, max_idle_ns: 440795233974 ns
[   23.351172] Freeing unused kernel memory: 1508K
[   23.396348] Write protecting the kernel read-only data: 14336k
[   23.404182] Freeing unused kernel memory: 1700K
[   23.414077] Freeing unused kernel memory: 104K
Loading, please [   23.461217] random: systemd-udevd: uninitialized urandom read (16 bytes read, 4 bits of entropy available)
wait...
starting version 229
[   23.461885] random: udevadm: uninitialized urandom read (16 bytes read, 4 bits of entropy available)
[   23.461911] random: udevadm: uninitialized urandom read (16 bytes read, 4 bits of entropy available)
[   23.475233] random: udevadm: uninitialized urandom read (16 bytes read, 4 bits of entropy available)
[   23.475283] random: udevadm: uninitialized urandom read (16 bytes read, 4 bits of entropy available)
[   23.475450] random: udevadm: uninitialized urandom read (16 bytes read, 4 bits of entropy available)
[   23.475543] random: udevadm: uninitialized urandom read (16 bytes read, 4 bits of entropy available)
[   23.475621] random: udevadm: uninitialized urandom read (16 bytes read, 4 bits of entropy available)
[   23.475689] random: udevadm: uninitialized urandom read (16 bytes read, 4 bits of entropy available)
[   23.475751] random: udevadm: uninitialized urandom read (16 bytes read, 4 bits of entropy available)
[   23.722855] e1000: Intel(R) PRO/1000 Network Driver - version 7.3.21-k8-NAPI
[   23.753503] e1000: Copyright (c) 1999-2006 Intel Corporation.
[   23.758374] Fusion MPT base driver 3.04.20
[   23.778253] Copyright (c) 1999-2008 LSI Corporation
[   23.789959] Fusion MPT SPI Host driver 3.04.20
[   23.826356] AVX2 version of gcm_enc/dec engaged.
[   23.833829] AES CTR mode by8 optimization enabled
[   24.044326] input: ImExPS/2 Generic Explorer Mouse as /devices/platform/i8042/serio1/input/input4
[   24.250751] e1000 0000:00:03.0 eth0: (PCI:33MHz:32-bit) 02:27:b7:20:75:f7
[   24.281287] e1000 0000:00:03.0 eth0: Intel(R) PRO/1000 Network Connection
[   24.323802] mptbase: ioc0: Initiating bringup
[   24.327231] e1000 0000:00:03.0 enp0s3: renamed from eth0
[   24.503383] ioc0: LSI53C1030 A0: Capabilities={Initiator}
[   25.759687] scsi host2: ioc0: LSI53C1030 A0, FwRev=00000000h, Ports=1, MaxQ=256, IRQ=20
[   26.250306] scsi 2:0:0:0: Direct-Access     VBOX     HARDDISK         1.0  PQ: 0 ANSI: 5
[   26.292078] scsi target2:0:0: Beginning Domain Validation
[   26.335514] scsi target2:0:0: Domain Validation skipping write tests
[   26.355533] scsi target2:0:0: Ending Domain Validation
[   26.369041] scsi target2:0:0: asynchronous
[   26.374523] scsi 2:0:1:0: Direct-Access     VBOX     HARDDISK         1.0  PQ: 0 ANSI: 5
[   26.389313] scsi target2:0:1: Beginning Domain Validation
[   26.402746] scsi target2:0:1: Domain Validation skipping write tests
[   26.406767] scsi target2:0:1: Ending Domain Validation
[   26.413402] scsi target2:0:1: asynchronous
[   26.424652] sd 2:0:0:0: Attached scsi generic sg0 type 0
[   26.429236] sd 2:0:0:0: [sda] 20971520 512-byte logical blocks: (10.7 GB/10.0 GiB)
[   26.440661] sd 2:0:1:0: Attached scsi generic sg1 type 0
[   26.445254] sd 2:0:1:0: [sdb] 20480 512-byte logical blocks: (10.5 MB/10.0 MiB)
[   26.446869] sd 2:0:0:0: [sda] Write Protect is off
[   26.447032] sd 2:0:0:0: [sda] Incomplete mode parameter data
[   26.447034] sd 2:0:0:0: [sda] Assuming drive cache: write through
[   26.466504]  sda: sda1
[   26.467412] sd 2:0:0:0: [sda] Attached SCSI disk
[   26.637115] sd 2:0:1:0: [sdb] Write Protect is off
[   26.661444] sd 2:0:1:0: [sdb] Incomplete mode parameter data
[   26.686363] sd 2:0:1:0: [sdb] Assuming drive cache: write through
[   26.692394] sd 2:0:1:0: [sdb] Attached SCSI disk
[   26.824059] floppy0: no floppy controllers found
Begin: Loading e[   28.451505] md: linear personality registered for level -1
ssential drivers ... [   28.508529] md: multipath personality registered for level -4
[   28.606377] md: raid0 personality registered for level 0
[   28.675957] md: raid1 personality registered for level 1
[   28.837867] raid6: sse2x1   gen()  6500 MB/s
[   28.933426] raid6: sse2x1   xor()  6466 MB/s
[   29.049592] raid6: sse2x2   gen() 10653 MB/s
[   29.169464] raid6: sse2x2   xor()  6813 MB/s
[   29.237719] raid6: sse2x4   gen() 11915 MB/s
[   29.373831] raid6: sse2x4   xor()  8075 MB/s
[   29.457410] raid6: avx2x1   gen() 14881 MB/s
[   29.573514] raid6: avx2x2   gen() 18513 MB/s
[   29.653623] raid6: avx2x4   gen() 21718 MB/s
[   29.668060] raid6: using algorithm avx2x4 gen() 21718 MB/s
[   29.699587] raid6: using avx2x2 recovery algorithm
[   29.715200] xor: automatically using best checksumming function:
[   29.833781]    avx       : 17512.000 MB/sec
[   29.847957] async_tx: api initialized (async)
[   29.875306] md: raid6 personality registered for level 6
[   29.906606] md: raid5 personality registered for level 5
[   29.917052] md: raid4 personality registered for level 4
[   29.941832] md: raid10 personality registered for level 10
done.
Begin: Running /scripts/init-premount ... done.
Begin: Mounting root file system ... Begin: Running /scripts/local-top ... done.
Begin: Running /scripts/local-premount ... [   30.020058] Btrfs loaded
Scanning for Btrfs filesystems
done.
Warning: fsck not present, so skipping root file system
[   30.091960] EXT4-fs (sda1): mounted filesystem with ordered data mode. Opts: (null)
done.
Begin: Running /scripts/local-bottom ... done.
Begin: Running /scripts/init-bottom ... done.
[   30.236982] systemd[1]: systemd 229 running in system mode. (+PAM +AUDIT +SELINUX +IMA +APPARMOR +SMACK +SYSVINIT +UTMP +LIBCRYPTSETUP +GCRYPT +GNUTLS +ACL +XZ -LZ4 +SECCOMP +BLKID +ELFUTILS +KMOD -IDN)
[   30.378859] systemd[1]: Detected virtualization oracle.
[   30.400138] systemd[1]: Detected architecture x86-64.

Welcome to [1mUbuntu 16.04.4 LTS[0m!

[   30.458417] systemd[1]: Set hostname to <ubuntu>.
[   30.480432] systemd[1]: Initializing machine ID from random generator.
[   30.571745] systemd[1]: Installed transient /etc/machine-id file.
[   30.775957] systemd[1]: Listening on Journal Socket.
[[0;32m  OK  [0m] Listening on Journal Socket.
[   30.794096] systemd[1]: Listening on Syslog Socket.
[[0;32m  OK  [0m] Listening on Syslog Socket.
[   30.825942] systemd[1]: Listening on /dev/initctl Compatibility Named Pipe.
[[0;32m  OK  [0m] Listening on /dev/initctl Compatibility Named Pipe.
[   30.957843] systemd[1]: Started Trigger resolvconf update for networkd DNS.
[[0;32m  OK  [0m] Started Trigger resolvconf update for networkd DNS.
[   31.044016] systemd[1]: Created slice System Slice.
[[0;32m  OK  [0m] Created slice System Slice.
[   31.094867] systemd[1]: Starting Set console keymap...
         Starting Set console keymap...
[   31.123195] systemd[1]: Starting Nameserver information manager...
         Starting Nameserver information manager...
[   31.150348] systemd[1]: Created slice system-serial\x2dgetty.slice.
[[0;32m  OK  [0m] Created slice system-serial\x2dgetty.slice.
[   31.206586] systemd[1]: Listening on Journal Audit Socket.
[[0;32m  OK  [0m] Listening on Journal Audit Socket.
[   31.276446] systemd[1]: Starting Remount Root and Kernel File Systems...
[   31.290515] EXT4-fs (sda1): re-mounted. Opts: (null)
         Starting Remount Root and Kernel File Systems...
[   31.366319] systemd[1]: Mounting Debug File System...
         Mounting Debug File System...
[   31.410811] systemd[1]: Set up automount Arbitrary Executable File Formats File System Automount Point.
[[0;32m  OK  [0m] Set up automount Arbitrary Executab...ats File System Automount Point.
[   31.526462] systemd[1]: Starting Uncomplicated firewall...
         Starting Uncomplicated firewall...
[   31.604425] systemd[1]: Listening on LVM2 metadata daemon socket.
[[0;32m  OK  [0m] Listening on LVM2 metadata daemon socket.
[   31.682142] systemd[1]: Reached target User and Group Name Lookups.
[[0;32m  OK  [0m] Reached target User and Group Name Lookups.
[   31.743226] systemd[1]: Reached target Swap.
[[0;32m  OK  [0m] Reached target Swap.
[   31.822224] systemd[1]: Listening on udev Control Socket.
[[0;32m  OK  [0m] Listening on udev Control Socket.
[   31.903053] random: nonblocking pool is initialized
[   31.958184] systemd[1]: Starting Load Kernel Modules...
         Startin[   31.995328] Loading iSCSI transport class v2.0-870.
g Load Kernel Modules...
[   32.062617] iscsi: registered transport (tcp)
[   33.189230] systemd[1]: Started Forward Password Requests to Wall Directory Watch.
[[0;32m  OK  [0m] Started Forward Password Requests to Wall Directory Watch.
[   33.276813] iscsi: registered transport (iser)
[   33.278125] systemd[1]: Mounting Huge Pages File System...
         Mounting Huge Pages File System...
[  33.325983] systemd[1]: Created slice User and Session Slice.

[[0;32m  OK  [0m] Created slice User and Session Slice.
[  33964syem[1]: Reached target Slices.
[[0;32m  OK  [0m] Reached target Slices.
[ 337835] syte[1: Listenngn ev Kernel Sockt.
[[0;32m  OK  [0m] Listening on udev Kernel Socket.
[   4.422] ste[1 Lteing on Device-mapper event daemon FIFOs.
[[0;32m  OK  [0m] Listening on Device-mapper event daemon FIFOs.
[   34.810347] systemd[1]: Starting Monitoring of LVM2 mirrors, snapshots etc. using dmeventd or progress polling...
         Starting Monitoring of LVM2 mirrors... dmeventd or progress polling...
[  34.930132] systemd[1]:Listening on Journal Socket (/dev/log).
[[0;32m  OK  [0m] Listening on Journal Socket (/dev/log).
[   35.065792] systemd[1]: Starting Journal Service...
         Starting Journal Service...
[   35.105839] systemd[1]: Listening on LVM2 poll daemon socket.
[[0;32m  OK  [0m] Listening on LVM2 poll daemon socket.
[   35.137848] systemd[1]: Mounting POSIX Message Queue File System...
         Mounting POSIX Message Queue File System...
[   35.158297] sysemd[1]: Reached target Encrypted Volumes.
[[0;32m  OK  [0m] Reached target Encrypted Volumes.
[   35.353977] systemd[1]: Starting Create list of required static device nodes for the current kernel...
         Starting Create list of required st... nodes for the current kernel...
[ 3531259] systemd[1]: Mounted POSIX Message Queue Fle Sstem.
[[0;32m  OK  [0m] Mounted POSIX Message Queue File System.
[ 36.123963] sysmd[1]: Mounted Huge PageFile System.
[[0;32m  OK  [0m] Mounted Huge Pages File System.
[   36.339149] systemd[1]: Mounted Debug File System.
[[0;32m  OK  [0m] Mounted Debug File System.
[   36.351700] systemd[1]: Started Journal Service.
[[0;32m  OK  [0m] Started Journal Service.
[[0;32m  OK  [0m] Started Set console keymap.
[[0;32m  OK  [0m] Started Remount Root and Kernel File Systems.
[[0;32m  OK  [0m] Started Uncomplicated firewall.
[[0;32m  OK  [0m] Started Load Kernel Modules.
[[0;32m  OK  [0m] Started Create list of required sta...ce nodes for the current kernel.
[[0;32m  OK  [0m] Started Nameserver information manager.
[[0;32m  OK  [0m] Started LVM2 metadata daemon.
         Starting Create Static Device Nodes in /dev...
         Mounting FUSE Control File System...
         Starting Apply Kernel Variables...
         Starting Initial cloud-init job (pre-networking)...
         Starting Load/Save Random Seed...
         Starting udev Coldplug all Devices...
         Starting Flush Journal to Persistent Storage...
[[0;32m  OK  [0m] Mounted FUSE Control File System.
[[0;32m  OK  [0m] Started Create Static Device Nodes in /dev.
[[0;32m  OK  [0m] Started Apply Kernel Variables.
[[0;32m  OK  [0m] Started Load/Save Random Seed.
[[0;32m  OK  [0m] Started udev Coldplug all Devices.
[[0;32m  OK  [0m] Started Flush Journal to Persistent Storage.
[[0;32m  OK  [0m] Started Monitoring of LVM2 mirrors,...ng dmeventd or progress polling.
         Starting udev Kernel Device Manager...
[[0;32m  OK  [0m] Started udev Kernel Device Manager.
[[0;32m  OK  [0m] Reached target Local File Systems (Pre).
[[0;32m  OK  [0m] Reached target Local File Systems.
         Starting Create Volatile Files and Directories...
         Starting Set console font and keymap...
         Starting LSB: AppArmor initialization...
         Starting Tell Plymouth To Write Out Runtime Data...
         Starting Commit a transient machine-id on disk...
[[0;32m  OK  [0m] Started Dispatch Password Requests to Console Directory Watch.
[[0;32m  OK  [0m] Started Create Volatile Files and Directories.
[[0;32m  OK  [0m] Started Tell Plymouth To Write Out Runtime Data.
[[0;32m  OK  [0m] Started Commit a transient machine-id on disk.
         Starting Update UTMP about System Boot/Shutdown...
[[0;32m  OK  [0m] Reached target System Time Synchronized.
[[0;32m  OK  [0m] Started Update UTMP about System Boot/Shutdown.
[[0;32m  OK  [0m] Found device /dev/ttyS0.
[[0;32m  OK  [0m] Listening on Load/Save RF Kill Switch Status /dev/rfkill Watch.
[   23.008265] cloud-init[452]: Cloud-init v. 17.1 running 'init-local' at Mon, 02 Apr 2018 00:15:39 +0000. Up 21.97 seconds.
[[0;32m  OK  [0m] Started Initial cloud-init job (pre-networking).
[[0;32m  OK  [0m] Started LSB: AppArmor initialization.
[[0;32m  OK  [0m] Reached target Network (Pre).
         Starting Raise network interfaces...
[[0;32m  OK  [0m] Started Set console font and keymap.
[[0;32m  OK  [0m] Created slice system-getty.slice.
[[0;32m  OK  [0m] Started Raise network interfaces.
         Starting Initial cloud-init job (metadata service crawler)...
[[0;32m  OK  [0m] Reached target Network.
[   26.341109] cloud-init[947]: Cloud-init v. 17.1 running 'init' at Mon, 02 Apr 2018 00:15:43 +0000. Up 25.41 seconds.
[   26.377185] cloud-init[947]: ci-info: +++++++++++++++++++++++++++++++++++++Net device info++++++++++++++++++++++++++++++++++++++
[   26.393394] cloud-init[947]: ci-info: +--------+------+----------------------------+---------------+-------+-------------------+
[   26.413448] [cloud-init[0;32m  OK  [0m[947]: ] ci-info: | Device |  Up  |          Address           |      Mask     | Scope |     Hw-Address    |Started Initial cloud-init job (metadata service crawler).

[   26.413975] cloud-init[947]: ci-info: +--------+------+----------------------------+---------------+-------+-------------------+[[0;32m  OK  [0m] Reached target Network is Online.

[   26.488657]          cloud-initStarting iSCSI initiator daemon (iscsid)...[947]: 
ci-info: | enp0s3 | True |         10.0.2.15          | 255.255.255.0 |   .   | 02:27:b7:20:75:f7 |
[   26.533091] [cloud-init[0;32m  OK  [0m[947]: ] ci-info: | enp0s3 | True | fe80::27:b7ff:fe20:75f7/64 |       .       |  link | 02:27:b7:20:75:f7 |Reached target System Initialization.

[   26.533675]          cloud-initStarting Socket activation for snappy daemon.[947]: 
ci-info: |   lo   | True |         127.0.0.1          |   255.0.0.0   |   .   |         .         |
[   26.664595] cloud-init[947]: ci-info: |   lo   | True |          ::1/128           |       .       |  host |         .         |
[   26.707195] cloud-init[947]: ci-info: +--------+------+----------------------------+---------------+-------+-------------------+
[   26.768701] cloud-init[947]: ci-info: +++++++++++++++++++++++++++Route IPv4 info++++++++++++++++++++++++++++
[   26.829279] cloud-init[947]: ci-info: +-------+-------------+----------+---------------+-----------+-------+
[[0;32m  OK  [0m] Started Timer to automatically refresh installed snaps.
[[0;32m  OK  [0m] Listening on ACPID Listen Socket.
[[0;32m  OK  [0m] Started Daily apt download activities.
[[0;32m  OK  [0m] Started Daily Cleanup of Temporary Directories.
[   26.877437] cloud-init[947]: ci-info: | Route | Destination | Gateway  |    Genmask    | Interface | Flags |
[   27.040573] cloud-init[947]: ci-info: +-------+-------------+----------+---------------+-----------+-------+
[   27.100029] cloud-init[947]: ci-info: |   0   |   0.0.0.0   | 10.0.2.2 |    0.0.0.0    |   enp0s3  |   UG  |
[   27.100511] cloud-init[947]: ci-info: |   1   |   10.0.2.0  | 0.0.0.0  | 255.255.255.0 |   enp0s3  |   U   |
[[0;32m  OK  [0m] Started Daily apt upgrade and clean activities.
[   27.100677] cloud-init[947]: ci-info: +-------+-------------+----------+---------------+-----------+-------+
[   27.419001] cloud-init[947]: Generating public/private rsa key pair.
[[0;32m  OK  [0m] Listening on D-Bus System Message Bus Socket.
[   27.419139] cloud-init[947]: Your identification has been saved in /etc/ssh/ssh_host_rsa_key.
[   27.500292] cloud-init[947]: Your public key has been saved in /etc/ssh/ssh_host_rsa_key.pub.
[   27.500688] cloud-init[947]: The key fingerprint is:
         Starting LXD - unix socket.
[   27.500905] cloud-init[947]: SHA256:/XkO18xOIf+q6afO1VbrN6COZ2pzVcTYxbnryrKsVWU root@ubuntu-xenial
[   27.654770] cloud-init[947]: The key's randomart image is:
[   27.655134] cloud-init[947]: +---[RSA 2048]----+
[[0;32m  OK  [0m] Reached target Timers.
[   27.655384] cloud-init[947]: |              +.+|
[   27.745305] cloud-init[947]: |             . =.|
[[0;32m  OK  [0m] Listening on UUID daemon activation socket.
[   27.745462] cloud-init[947]: |              .E.|
[   27.891655] cloud-init[947]: |         .    oo |
[   27.904813] cloud-init[947]: |        S .  o..o|
[   27.905374] cloud-init[947]: |           ..+o*+|
[[0;32m  OK  [0m] Started ACPI Events Check.
[   27.905546] cloud-init[947]: |           .* *oB|
[   28.045260] cloud-init[947]: |         o+B.Bo*o|
[[0;32m  OK  [0m] Reached target Paths.
[   28.045423] cloud-init[947]: |        .+O*X*+o=|
[[0;32m  OK  [0m] Reached target Cloud-config availability.
[   28.101527] cloud-init[947]: +----[SHA256]-----+
[   28.208474] cloud-init[947]: Generating public/private dsa key pair.
[   28.208892] cloud-init[947]: Your identification has been saved in /etc/ssh/ssh_host_dsa_key.
[[0;32m  OK  [0m] Listening on Socket activation for snappy daemon.
[   28.209634] cloud-init[947]: Your public key has been saved in /etc/ssh/ssh_host_dsa_key.pub.
[   28.341695] cloud-init[947]: The key fingerprint is:
[[0;32m  OK  [0m] Listening on LXD - unix socket.
[   28.341890] cloud-init[947]: SHA256:E3a1nyMb9vN7LufPXdluF9GnrmJKDENAtJPhsEU4vmk root@ubuntu-xenial
[   28.521158] cloud-init[947]: The key's randomart image is:
[[0;32m  OK  [0m] Started iSCSI initiator daemon (iscsid).
[   28.521307] cloud-init[947]: +---[DSA 1024]----+
[   28.653461] cloud-init[947]: |  .=B       .    |
[   28.678795] cloud-init[947]: |  o= =     . .   |
         Starting Login to default iSCSI targets...
[[0;32m  OK  [0m] Reached target Sockets.
[[0;32m  OK  [0m] Reached target Basic System.
[   28.707175] cloud-init[947]: | ...= . o . .   .|
[   28.756358]          cloud-initStarting Login Service...[947]: 
|  .  o . o   . oo|
[   28.788808]          cloud-initStarting /etc/rc.local Compatibility...[947]: 
|   o  o S   + +.o|
[   28.810694] cloud-init[947]: |  E    + . . =.oo|
[   28.821106] [cloud-init[0;32m  OK  [0m[947]: ] | .      o   ..o.+|Started Regular background program processing daemon.

[   28.822103] cloud-init[947]: |       .  o   o=B|
[   28.860617] cloud-init[947]: |        .o ... B&|
[   28.860970] cloud-init[947]: +----[SHA256]-----+
         Starting LSB: Record successful boot for GRUB...
[   28.861149] cloud-init[947]: Generating public/private ecdsa key pair.
[[0;32m  OK  [0m] Started FUSE filesystem for LXC.
[   28.962288] cloud-init[947]: Your identification has been saved in /etc/ssh/ssh_host_ecdsa_key.
         Starting LSB: MD monitoring daemon...
[   29.044349] cloud-init[947]: Your public key has been saved in /etc/ssh/ssh_host_ecdsa_key.pub.
[   29.092402] cloud-init[947]: The key fingerprint is:
[   29.092786] cloud-init[947]: SHA256:gRsWz1l0DNjnoRWGHzz6JBqbwvN1gIKwoFpjbhHgNCo root@ubuntu-xenial
         Starting LXD - container startup/shutdown...
[   29.092993] cloud-init[947]: The key's randomart image is:
[   29.180063] cloud-init[947]: +---[ECDSA 256]---+
[[0;32m  OK  [0m] Started ACPI event daemon.
[   29.181445] cloud-init[947]: |.+    .  ++=+.   |
[   29.244305] cloud-init[947]: |= +    =.oooO    |
[   29.244708] cloud-init[947]: |Eo + .+ =. B +   |
         Starting Apply the settings specified in cloud-config...
[   29.244899] cloud-init[947]: |o * ...oo.= +    |
[[   29.372298] cloud-init[947]: |.+ o ...S= =     |
[   29.372887] cloud-init[947]: |. o   + + . o    |
[0;32m  OK  [0m] Started D-Bus System Message Bus.
[   29.373082] cloud-init[947]: | .     + . .     |
[   29.414113] cloud-init[947]: |        .        |
         [   29.464417] Starting Accounts Service...cloud-init
[947]: |                 |
         Starting Pollinate to seed the pseudo random number generator...
         Starting System Logging Service...
[[0;32m  OK  [0m] Started Unattended Upgrades Shutdown.
[   29.488933] cloud-init[947]: +----[SHA256]-----+
[   29.530101] cloud-init[947]: Generating public/private ed25519 key pair.
[   29.533368] cloud-init[947]: Your identification has been saved in /etc/ssh/ssh_host_ed25519_key.
[[0;32m  OK  [0m] Started Deferred execution scheduler.
         Starting Snappy daemon...
[[0;32m  OK  [0m] Started System Logging Service.
[[0;32m  OK  [0m] Started /etc/rc.local Compatibility.
[[0;32m  OK  [0m] Started LXD - container startup/shutdown.
[   29.551268] cloud-init[947]: Your public key has been saved in /etc/ssh/ssh_host_ed25519_key.pub.
[   29.665018] cloud-init[947]: The key fingerprint is:
[   29.672898] cloud-init[947]: SHA256:FMi0mchLc9tx37qfeORpopMtZbm8am1Ri4y/jtPM3ng root@ubuntu-xenial
[   29.709227] [cloud-init[0;32m  OK  [0m[947]: ] The key's randomart image is:Started LSB: Record successful boot for GRUB.

[   29.710225] cloud-init[[0;32m  OK  [0m] Started LSB: MD monitoring daemon.
[947]: +--[ED25519 256]--+
[   29.832753] [cloud-init[0;32m  OK  [0m[947]: ] |     o...        |Started Login to default iSCSI targets.

[   29.833426] [[0;32m  OK  [0m] Started Snappy daemon.
cloud-init[947]: |   . .o+ .       |
[   29.850475] cloud-init[947]: |    = = o .      |
[   29.876369] cloud-init[947]: |   . + + o . ..  |
[   29.896278] cloud-init[947]: |    . . S  o.+.. |
[   29.907608] cloud-init[947]: |          . B.o  |
[   29.920325] cloud-init[947]: |           %.= . |
[   29.926706] [cloud-init[0;32m  OK  [0m[947]: ] |          *.%=E. |Started Login Service.

[   29.927170] cloud-init[947]: |         .+XOO+  |
[   29.961224] cloud-init[947]: +----[SHA256]-----+
         Starting Authenticate and Authorize Users to Run Privileged Tasks...
[[0;32m  OK  [0m] Reached target Remote File Systems (Pre).
[   30.026666] [cloud-init[0;32m  OK  [0m[1084]: ] Generating locales (this might take a while)...Reached target Remote File Systems.

         Starting LSB: daemon to balance interrupts for SMP systems...
         Starting LSB: Set the CPU Frequency Scaling governor to "ondemand"...
         Starting LSB: automatic crash report generation...
         Starting Permit User Sessions...
         Starting LSB: VirtualBox Linux Additions...
[[0;32m  OK  [0m] Started Permit User Sessions.
[[0;32m  OK  [0m] Started Authenticate and Authorize Users to Run Privileged Tasks.
[[0;32m  OK  [0m] Started Accounts Service.
[[0;32m  OK  [0m] Started LSB: Set the CPU Frequency Scaling governor to "ondemand".
[[0;32m  OK  [0m] Started LSB: daemon to balance interrupts for SMP systems.
[[0;32m  OK  [0m] Started LSB: automatic crash report generation.
         Starting Terminate Plymouth Boot Screen...
         Starting Hold until boot process finishes up...
[[0;32m  OK  [0m] Started Terminate Plymouth Boot Screen.
[[0;32m  OK  [0m] Started Hold until boot process finishes up.
[[0;32m  OK  [0m] Started LSB: VirtualBox Linux Additions.
[[0;32m  OK  [0m] Started Serial Getty on ttyS0.
[[0;32m  OK  [0m] Started Getty on tty1.
[[0;32m  OK  [0m] Reached target Login Prompts.
         Starting Set console scheme...
[[0;32m  OK  [0m] Started Set console scheme.
[[0;32m  OK  [0m] Started Pollinate to seed the pseudo random number generator.
         Starting OpenBSD Secure Shell server...
[[0;32m  OK  [0m] Started OpenBSD Secure Shell server.
[[0;32m  OK  [0m] Reached target Multi-User System.
[[0;32m  OK  [0m] Reached target Graphical Interface.
         Starting Update UTMP about System Runlevel Changes...
[[0;32m  OK  [0m] Started Update UTMP about System Runlevel Changes.
[   31.451738] cloud-init[1084]:   en_US.UTF-8... done
[   31.484930] cloud-init[1084]: Generation complete.
[   31.846010] cloud-init[1084]: Cloud-init v. 17.1 running 'modules:config' at Mon, 02 Apr 2018 00:15:47 +0000. Up 29.81 seconds.
[[0;32m  OK  [0m] Started Apply the settings specified in cloud-config.
         Starting Execute cloud user/final scripts...
[[0;32m  OK  [0m] Created slice User Slice of vagrant.
         Starting User Manager for UID 1000...
[[0;32m  OK  [0m] Started User Manager for UID 1000.
[[0;32m  OK  [0m] Started Session 1 of user vagrant.
ci-info: no authorized ssh keys fingerprints found for user ubuntu.
<14>Apr  2 00:15:50 ec2: 
<14>Apr  2 00:15:50 ec2: #############################################################
<14>Apr  2 00:15:50 ec2: -----BEGIN SSH HOST KEY FINGERPRINTS-----
<14>Apr  2 00:15:50 ec2: 1024 SHA256:E3a1nyMb9vN7LufPXdluF9GnrmJKDENAtJPhsEU4vmk root@ubuntu-xenial (DSA)
<14>Apr  2 00:15:50 ec2: 256 SHA256:gRsWz1l0DNjnoRWGHzz6JBqbwvN1gIKwoFpjbhHgNCo root@ubuntu-xenial (ECDSA)
<14>Apr  2 00:15:50 ec2: 256 SHA256:FMi0mchLc9tx37qfeORpopMtZbm8am1Ri4y/jtPM3ng root@ubuntu-xenial (ED25519)
<14>Apr  2 00:15:50 ec2: 2048 SHA256:/XkO18xOIf+q6afO1VbrN6COZ2pzVcTYxbnryrKsVWU root@ubuntu-xenial (RSA)
<14>Apr  2 00:15:50 ec2: -----END SSH HOST KEY FINGERPRINTS-----
<14>Apr  2 00:15:50 ec2: #############################################################
-----BEGIN SSH HOST KEY KEYS-----
ecdsa-sha2-nistp256 AAAAE2VjZHNhLXNoYTItbmlzdHAyNTYAAAAIbmlzdHAyNTYAAABBBBkGrdOOl9c8zyKAnZzwjQH8ruaoaGa21EYljQKTq6cdFOv8k/vETQz+w0S8Vz6sMgFM7H47qrO9/H5cBKO4hpo= root@ubuntu-xenial
ssh-ed25519 AAAAC3NzaC1lZDI1NTE5AAAAIFyATO+opkk7mXttMtwRGoLfrkmONBQwEtE6UbqcS5AO root@ubuntu-xenial
ssh-rsa AAAAB3NzaC1yc2EAAAADAQABAAABAQDNpbpZF2pZBWY1w5lXvk9vvdUg8q0Ab2BJVcmCF6BkypvBLWphz/HLs59qL+s4AHP3+vUQcR3uq8ylp0lXWYlDSJ0Dx4hn19/MxvkCWn8WPI35o2UQfTdSba/+NslgNFb2M8UTOc/Tpd1YEpBKA6X0t5jQbFl1tZtJI19THVbNQ5nwPlWA99QhZnTwJjB/7ogAz/6emM+WeWOkFs6LW4jrfsA6U35Pu6k4CSzT20ujo4Wp5fiX/CPsZosVwmnLMhEvroJ7Q2NvnIgBu4jev5sYq6eQ6Xbvtps27/zJZ+V+On9ZBYhhnxymS79n8kalD4d7DrTAbNU0oTnkyL8XhB7H root@ubuntu-xenial
-----END SSH HOST KEY KEYS-----
[   33.229150] cloud-init[1310]: Cloud-init v. 17.1 running 'modules:final' at Mon, 02 Apr 2018 00:15:50 +0000. Up 32.32 seconds.
[   33.300700] cloud-init[1310]: ci-info: no authorized ssh keys fingerprints found for user ubuntu.
[   33.308533] cloud-init[1310]: Cloud-init v. 17.1 finished at Mon, 02 Apr 2018 00:15:51 +0000. Datasource DataSourceNoCloud [seed=/dev/sdb][dsmode=net].  Up 33.21 seconds
[[0;32m  OK  [0m] Started Execute cloud user/final scripts.
[[0;32m  OK  [0m] Reached target Cloud-init target.

Ubuntu 16.04.4 LTS ubuntu-xenial ttyS0

ubuntu-xenial login: 